d:\test\cplusplus\testserver\gateserver\compiles\debug\x64\vc143.pdb
d:\test\cplusplus\testserver\gateserver\compiles\debug\x64\vc143.idb
d:\test\cplusplus\testserver\gateserver\compiles\debug\x64\testwindows.obj
d:\test\cplusplus\testserver\gateserver\compiles\debug\x64\apptest.obj
d:\test\cplusplus\testserver\gateserver\compiles\debug\x64\appmanager.obj
d:\test\cplusplus\testserver\gateserver\compiles\debug\x64\appglobal.obj
d:\test\cplusplus\testserver\gateserver\compiles\debug\x64\tinyxmlparser.obj
d:\test\cplusplus\testserver\gateserver\compiles\debug\x64\tinyxmlerror.obj
d:\test\cplusplus\testserver\gateserver\compiles\debug\x64\tinyxml.obj
d:\test\cplusplus\testserver\gateserver\compiles\debug\x64\tinystr.obj
d:\test\cplusplus\testserver\gateserver\compiles\debug\x64\md5.obj
d:\test\cplusplus\testserver\gateserver\compiles\debug\x64\sharefunction.obj
d:\test\cplusplus\testserver\gateserver\compiles\debug\x64\xxx.pb.obj
d:\test\cplusplus\testserver\gateserver\compiles\debug\x64\tcpserver_thread.obj
d:\test\cplusplus\testserver\gateserver\compiles\debug\x64\tcpserver_funs.obj
d:\test\cplusplus\testserver\gateserver\compiles\debug\x64\tcpserver.obj
d:\test\cplusplus\testserver\gateserver\compiles\debug\x64\tcpclient_thread.obj
d:\test\cplusplus\testserver\gateserver\compiles\debug\x64\tcpclient_funs.obj
d:\test\cplusplus\testserver\gateserver\compiles\debug\x64\tcpclient.obj
d:\test\cplusplus\testserver\gateserver\compiles\debug\x64\iopool.obj
d:\test\cplusplus\testserver\gateserver\compiles\debug\x64\inetbase.obj
d:\test\cplusplus\testserver\gateserver\compiles\debug\x64\appplayer.obj
d:\test\cplusplus\testserver\gateserver\compiles\debug\x64\gamedata.obj
d:\test\cplusplus\testserver\gateserver\compiles\debug\x64\centerserver.ilk
d:\test\cplusplus\testserver\gateserver\compiles\debug\x64\gateserver.tlog\cl.command.1.tlog
d:\test\cplusplus\testserver\gateserver\compiles\debug\x64\gateserver.tlog\cl.items.tlog
d:\test\cplusplus\testserver\gateserver\compiles\debug\x64\gateserver.tlog\cl.read.1.tlog
d:\test\cplusplus\testserver\gateserver\compiles\debug\x64\gateserver.tlog\cl.write.1.tlog
d:\test\cplusplus\testserver\gateserver\compiles\debug\x64\gateserver.tlog\link.44604.read.1.tlog
d:\test\cplusplus\testserver\gateserver\compiles\debug\x64\gateserver.tlog\link.44604.write.1.tlog
d:\test\cplusplus\testserver\gateserver\compiles\debug\x64\gateserver.tlog\link.command.1.tlog
d:\test\cplusplus\testserver\gateserver\compiles\debug\x64\gateserver.tlog\link.read.1.tlog
d:\test\cplusplus\testserver\gateserver\compiles\debug\x64\gateserver.tlog\link.write.1.tlog
