  INetBase.cpp
D:\test\CPlusPlus\TestServer\engine\INetBase.cpp(1,1): warning C4819: 该文件包含不能在当前代码页(936)中表示的字符。请将该文件保存为 Unicode 格式以防止数据丢失
D:\test\CPlusPlus\TestServer\engine\INetBase.h(1,1): warning C4819: 该文件包含不能在当前代码页(936)中表示的字符。请将该文件保存为 Unicode 格式以防止数据丢失
  TcpClient.cpp
D:\test\CPlusPlus\TestServer\engine\INetBase.h(1,1): warning C4819: 该文件包含不能在当前代码页(936)中表示的字符。请将该文件保存为 Unicode 格式以防止数据丢失
D:\test\CPlusPlus\TestServer\engine\TcpClient.cpp(100,20): warning C4244: “初始化”: 从“SOCKET”转换到“int”，可能丢失数据
D:\test\CPlusPlus\TestServer\engine\TcpClient.cpp(126,20): warning C4244: “初始化”: 从“SOCKET”转换到“int”，可能丢失数据
D:\test\CPlusPlus\TestServer\engine\TcpClient.cpp(141,43): warning C4996: 'inet_addr': Use inet_pton() or InetPton() instead or define _WINSOCK_DEPRECATED_NO_WARNINGS to disable deprecated API warnings
  TcpClient_Funs.cpp
D:\test\CPlusPlus\TestServer\engine\INetBase.h(1,1): warning C4819: 该文件包含不能在当前代码页(936)中表示的字符。请将该文件保存为 Unicode 格式以防止数据丢失
D:\test\CPlusPlus\TestServer\engine\TcpClient_Funs.cpp(101,89): warning C4267: “参数”: 从“size_t”转换到“int”，可能丢失数据
D:\test\CPlusPlus\TestServer\engine\TcpClient_Funs.cpp(375,52): warning C4018: “<”: 有符号/无符号不匹配
  TcpClient_Thread.cpp
D:\test\CPlusPlus\TestServer\engine\INetBase.h(1,1): warning C4819: 该文件包含不能在当前代码页(936)中表示的字符。请将该文件保存为 Unicode 格式以防止数据丢失
D:\test\CPlusPlus\TestServer\engine\TcpClient_Thread.cpp(61,34): warning C4244: “参数”: 从“SOCKET”转换到“int”，可能丢失数据
  TcpServer.cpp
D:\test\CPlusPlus\TestServer\engine\INetBase.h(1,1): warning C4819: 该文件包含不能在当前代码页(936)中表示的字符。请将该文件保存为 Unicode 格式以防止数据丢失
D:\test\CPlusPlus\TestServer\engine\TcpServer.cpp(60,4): warning C4129: “ ”: 不可识别的字符转义序列
D:\test\CPlusPlus\TestServer\engine\TcpServer.cpp(276,52): warning C4244: “参数”: 从“SOCKET”转换到“int”，可能丢失数据
D:\test\CPlusPlus\TestServer\engine\TcpServer.cpp(308,13): warning C4244: “参数”: 从“time_t”转换到“unsigned int”，可能丢失数据
D:\test\CPlusPlus\TestServer\engine\TcpServer.cpp(292,17): warning C4996: 'inet_ntoa': Use inet_ntop() or InetNtop() instead or define _WINSOCK_DEPRECATED_NO_WARNINGS to disable deprecated API warnings
  TcpServer_Funs.cpp
D:\test\CPlusPlus\TestServer\engine\INetBase.h(1,1): warning C4819: 该文件包含不能在当前代码页(936)中表示的字符。请将该文件保存为 Unicode 格式以防止数据丢失
D:\test\CPlusPlus\TestServer\engine\TcpServer_Funs.cpp(70,20): warning C4018: “<”: 有符号/无符号不匹配
D:\test\CPlusPlus\TestServer\engine\TcpServer_Funs.cpp(137,75): warning C4267: “参数”: 从“size_t”转换到“int”，可能丢失数据
D:\test\CPlusPlus\TestServer\engine\TcpServer_Funs.cpp(163,16): warning C4996: 'stricmp': The POSIX name for this item is deprecated. Instead, use the ISO C and C++ conformant name: _stricmp. See online help for details.
D:\test\CPlusPlus\TestServer\engine\TcpServer_Funs.cpp(232,37): warning C4244: “参数”: 从“SOCKET”转换到“const int”，可能丢失数据
D:\test\CPlusPlus\TestServer\engine\TcpServer_Funs.cpp(563,45): warning C4018: “<”: 有符号/无符号不匹配
  TcpServer_Thread.cpp
D:\test\CPlusPlus\TestServer\engine\INetBase.h(1,1): warning C4819: 该文件包含不能在当前代码页(936)中表示的字符。请将该文件保存为 Unicode 格式以防止数据丢失
  AppGlobal.cpp
D:\test\CPlusPlus\TestServer\DBServer\code\AppGlobal.cpp(1,1): warning C4819: 该文件包含不能在当前代码页(936)中表示的字符。请将该文件保存为 Unicode 格式以防止数据丢失
D:\test\CPlusPlus\TestServer\engine\INetBase.h(1,1): warning C4819: 该文件包含不能在当前代码页(936)中表示的字符。请将该文件保存为 Unicode 格式以防止数据丢失
  AppManager.cpp
D:\test\CPlusPlus\TestServer\DBServer\code\AppManager.cpp(1,1): warning C4819: 该文件包含不能在当前代码页(936)中表示的字符。请将该文件保存为 Unicode 格式以防止数据丢失
D:\test\CPlusPlus\TestServer\engine\INetBase.h(1,1): warning C4819: 该文件包含不能在当前代码页(936)中表示的字符。请将该文件保存为 Unicode 格式以防止数据丢失
D:\test\CPlusPlus\TestServer\share\ShareFunction.h(61,53): warning C4996: 'stricmp': The POSIX name for this item is deprecated. Instead, use the ISO C and C++ conformant name: _stricmp. See online help for details.
D:\test\CPlusPlus\TestServer\share\GameData.h(52,53): warning C4996: 'stricmp': The POSIX name for this item is deprecated. Instead, use the ISO C and C++ conformant name: _stricmp. See online help for details.
  AppPlayer.cpp
D:\test\CPlusPlus\TestServer\engine\INetBase.h(1,1): warning C4819: 该文件包含不能在当前代码页(936)中表示的字符。请将该文件保存为 Unicode 格式以防止数据丢失
D:\test\CPlusPlus\TestServer\share\GameData.h(52,53): warning C4996: 'stricmp': The POSIX name for this item is deprecated. Instead, use the ISO C and C++ conformant name: _stricmp. See online help for details.
D:\test\CPlusPlus\TestServer\share\ShareFunction.h(61,53): warning C4996: 'stricmp': The POSIX name for this item is deprecated. Instead, use the ISO C and C++ conformant name: _stricmp. See online help for details.
D:\test\CPlusPlus\TestServer\DBServer\code\AppPlayer.cpp(56,13): warning C4244: “初始化”: 从“u64”转换到“int”，可能丢失数据
D:\test\CPlusPlus\TestServer\DBServer\code\AppPlayer.cpp(132,31): warning C4244: “=”: 从“SOCKET”转换到“u32”，可能丢失数据
D:\test\CPlusPlus\TestServer\DBServer\code\AppPlayer.cpp(161,28): warning C4244: “=”: 从“SOCKET”转换到“u32”，可能丢失数据
  AppTest.cpp
D:\test\CPlusPlus\TestServer\engine\INetBase.h(1,1): warning C4819: 该文件包含不能在当前代码页(936)中表示的字符。请将该文件保存为 Unicode 格式以防止数据丢失
D:\test\CPlusPlus\TestServer\share\ShareFunction.h(61,53): warning C4996: 'stricmp': The POSIX name for this item is deprecated. Instead, use the ISO C and C++ conformant name: _stricmp. See online help for details.
D:\test\CPlusPlus\TestServer\share\google\protobuf\wire_format_lite.h(935,41): warning C4244: “参数”: 从“google::protobuf::uint64”转换到“google::protobuf::uint32”，可能丢失数据
D:\test\CPlusPlus\TestServer\share\google\protobuf\parse_context.h(269,28): warning C4244: “-=”: 从“google::protobuf::stringpiece_ssize_type”转换到“int”，可能丢失数据
D:\test\CPlusPlus\TestServer\DBServer\code\AppTest.cpp(111,9): warning C4060: switch 语句没有包含“case”或“default”标签
  DBManager.cpp
D:\test\CPlusPlus\TestServer\engine\INetBase.h(1,1): warning C4819: 该文件包含不能在当前代码页(936)中表示的字符。请将该文件保存为 Unicode 格式以防止数据丢失
D:\test\CPlusPlus\TestServer\share\GameData.h(52,53): warning C4996: 'stricmp': The POSIX name for this item is deprecated. Instead, use the ISO C and C++ conformant name: _stricmp. See online help for details.
D:\test\CPlusPlus\TestServer\share\ShareFunction.h(61,53): warning C4996: 'stricmp': The POSIX name for this item is deprecated. Instead, use the ISO C and C++ conformant name: _stricmp. See online help for details.
  正在生成代码...
libprotobufd.lib(extension_set.obj) : warning LNK4099: 未找到 PDB“”(使用“libprotobufd.lib(extension_set.obj)”或在“”中寻找)；正在链接对象，如同没有调试信息一样
libprotobufd.lib(descriptor.obj) : warning LNK4099: 未找到 PDB“”(使用“libprotobufd.lib(descriptor.obj)”或在“”中寻找)；正在链接对象，如同没有调试信息一样
libprotobufd.lib(descriptor_database.obj) : warning LNK4099: 未找到 PDB“”(使用“libprotobufd.lib(descriptor_database.obj)”或在“”中寻找)；正在链接对象，如同没有调试信息一样
libprotobufd.lib(extension_set_heavy.obj) : warning LNK4099: 未找到 PDB“”(使用“libprotobufd.lib(extension_set_heavy.obj)”或在“”中寻找)；正在链接对象，如同没有调试信息一样
libprotobufd.lib(map_field.obj) : warning LNK4099: 未找到 PDB“”(使用“libprotobufd.lib(map_field.obj)”或在“”中寻找)；正在链接对象，如同没有调试信息一样
libprotobufd.lib(text_format.obj) : warning LNK4099: 未找到 PDB“”(使用“libprotobufd.lib(text_format.obj)”或在“”中寻找)；正在链接对象，如同没有调试信息一样
  DBServer.vcxproj -> D:\test\CPlusPlus\TestServer\DBServer\exe\DBServer.exe
