d:\test\cplusplus\testserver\centerserver\compiles\debug\x64\appglobal.obj
d:\test\cplusplus\testserver\centerserver\compiles\debug\x64\appmanager.obj
d:\test\cplusplus\testserver\centerserver\compiles\debug\x64\appplayer.obj
d:\test\cplusplus\testserver\centerserver\compiles\debug\x64\apptest.obj
d:\test\cplusplus\testserver\centerserver\compiles\debug\x64\gamedata.obj
d:\test\cplusplus\testserver\centerserver\compiles\debug\x64\inetbase.obj
d:\test\cplusplus\testserver\centerserver\compiles\debug\x64\iopool.obj
d:\test\cplusplus\testserver\centerserver\compiles\debug\x64\md5.obj
d:\test\cplusplus\testserver\centerserver\compiles\debug\x64\sharefunction.obj
d:\test\cplusplus\testserver\centerserver\compiles\debug\x64\tcpclient.obj
d:\test\cplusplus\testserver\centerserver\compiles\debug\x64\tcpclient_funs.obj
d:\test\cplusplus\testserver\centerserver\compiles\debug\x64\tcpclient_thread.obj
d:\test\cplusplus\testserver\centerserver\compiles\debug\x64\tcpserver.obj
d:\test\cplusplus\testserver\centerserver\compiles\debug\x64\tcpserver_funs.obj
d:\test\cplusplus\testserver\centerserver\compiles\debug\x64\tcpserver_thread.obj
d:\test\cplusplus\testserver\centerserver\compiles\debug\x64\tinystr.obj
d:\test\cplusplus\testserver\centerserver\compiles\debug\x64\tinyxml.obj
d:\test\cplusplus\testserver\centerserver\compiles\debug\x64\tinyxmlerror.obj
d:\test\cplusplus\testserver\centerserver\compiles\debug\x64\tinyxmlparser.obj
d:\test\cplusplus\testserver\centerserver\compiles\debug\x64\xxx.pb.obj
d:\test\cplusplus\testserver\centerserver\compiles\debug\x64\vc143.idb
d:\test\cplusplus\testserver\centerserver\compiles\debug\x64\vc143.pdb
d:\test\cplusplus\testserver\centerserver\compiles\debug\x64\centerserver.tlog\cl.command.1.tlog
