D:\Program Files\Microsoft Visual Studio\2022\Community\MSBuild\Microsoft\VC\v170\Microsoft.CppBuild.targets(531,5): warning MSB8028: 中间目录(..\compiles\Debug\x64\)包含从另一个项目(DBServer.vcxproj, TestWindows.vcxproj)共享的文件。   这会导致错误的清除和重新生成行为。
  INetBase.cpp
D:\test\CPlusPlus\TestServer\engine\INetBase.cpp(1,1): warning C4819: 该文件包含不能在当前代码页(936)中表示的字符。请将该文件保存为 Unicode 格式以防止数据丢失
D:\test\CPlusPlus\TestServer\engine\INetBase.h(1,1): warning C4819: 该文件包含不能在当前代码页(936)中表示的字符。请将该文件保存为 Unicode 格式以防止数据丢失
  IOPool.cpp
D:\test\CPlusPlus\TestServer\engine\IOPool.cpp(88,31): warning C4267: “return”: 从“size_t”转换到“int”，可能丢失数据
D:\test\CPlusPlus\TestServer\engine\IOPool.cpp(155,28): warning C4267: “return”: 从“size_t”转换到“int”，可能丢失数据
D:\test\CPlusPlus\TestServer\engine\IOPool.cpp(223,28): warning C4267: “return”: 从“size_t”转换到“int”，可能丢失数据
  TcpClient.cpp
D:\test\CPlusPlus\TestServer\engine\INetBase.h(1,1): warning C4819: 该文件包含不能在当前代码页(936)中表示的字符。请将该文件保存为 Unicode 格式以防止数据丢失
D:\test\CPlusPlus\TestServer\engine\TcpClient.cpp(100,20): warning C4244: “初始化”: 从“SOCKET”转换到“int”，可能丢失数据
D:\test\CPlusPlus\TestServer\engine\TcpClient.cpp(126,20): warning C4244: “初始化”: 从“SOCKET”转换到“int”，可能丢失数据
D:\test\CPlusPlus\TestServer\engine\TcpClient.cpp(141,43): warning C4996: 'inet_addr': Use inet_pton() or InetPton() instead or define _WINSOCK_DEPRECATED_NO_WARNINGS to disable deprecated API warnings
  TcpClient_Funs.cpp
D:\test\CPlusPlus\TestServer\engine\INetBase.h(1,1): warning C4819: 该文件包含不能在当前代码页(936)中表示的字符。请将该文件保存为 Unicode 格式以防止数据丢失
D:\test\CPlusPlus\TestServer\engine\TcpClient_Funs.cpp(101,89): warning C4267: “参数”: 从“size_t”转换到“int”，可能丢失数据
D:\test\CPlusPlus\TestServer\engine\TcpClient_Funs.cpp(375,52): warning C4018: “<”: 有符号/无符号不匹配
  TcpClient_Thread.cpp
D:\test\CPlusPlus\TestServer\engine\INetBase.h(1,1): warning C4819: 该文件包含不能在当前代码页(936)中表示的字符。请将该文件保存为 Unicode 格式以防止数据丢失
D:\test\CPlusPlus\TestServer\engine\TcpClient_Thread.cpp(61,34): warning C4244: “参数”: 从“SOCKET”转换到“int”，可能丢失数据
  TcpServer.cpp
D:\test\CPlusPlus\TestServer\engine\INetBase.h(1,1): warning C4819: 该文件包含不能在当前代码页(936)中表示的字符。请将该文件保存为 Unicode 格式以防止数据丢失
D:\test\CPlusPlus\TestServer\engine\TcpServer.cpp(60,4): warning C4129: “ ”: 不可识别的字符转义序列
D:\test\CPlusPlus\TestServer\engine\TcpServer.cpp(277,52): warning C4244: “参数”: 从“SOCKET”转换到“int”，可能丢失数据
D:\test\CPlusPlus\TestServer\engine\TcpServer.cpp(309,13): warning C4244: “参数”: 从“time_t”转换到“unsigned int”，可能丢失数据
D:\test\CPlusPlus\TestServer\engine\TcpServer.cpp(293,17): warning C4996: 'inet_ntoa': Use inet_ntop() or InetNtop() instead or define _WINSOCK_DEPRECATED_NO_WARNINGS to disable deprecated API warnings
  TcpServer_Funs.cpp
D:\test\CPlusPlus\TestServer\engine\INetBase.h(1,1): warning C4819: 该文件包含不能在当前代码页(936)中表示的字符。请将该文件保存为 Unicode 格式以防止数据丢失
D:\test\CPlusPlus\TestServer\engine\TcpServer_Funs.cpp(70,20): warning C4018: “<”: 有符号/无符号不匹配
D:\test\CPlusPlus\TestServer\engine\TcpServer_Funs.cpp(137,75): warning C4267: “参数”: 从“size_t”转换到“int”，可能丢失数据
D:\test\CPlusPlus\TestServer\engine\TcpServer_Funs.cpp(163,16): warning C4996: 'stricmp': The POSIX name for this item is deprecated. Instead, use the ISO C and C++ conformant name: _stricmp. See online help for details.
D:\test\CPlusPlus\TestServer\engine\TcpServer_Funs.cpp(232,37): warning C4244: “参数”: 从“SOCKET”转换到“const int”，可能丢失数据
D:\test\CPlusPlus\TestServer\engine\TcpServer_Funs.cpp(563,45): warning C4018: “<”: 有符号/无符号不匹配
  TcpServer_Thread.cpp
D:\test\CPlusPlus\TestServer\engine\INetBase.h(1,1): warning C4819: 该文件包含不能在当前代码页(936)中表示的字符。请将该文件保存为 Unicode 格式以防止数据丢失
  AppGlobal.cpp
D:\test\CPlusPlus\TestServer\CenterServer\code\AppGlobal.cpp(1,1): warning C4819: 该文件包含不能在当前代码页(936)中表示的字符。请将该文件保存为 Unicode 格式以防止数据丢失
D:\test\CPlusPlus\TestServer\engine\INetBase.h(1,1): warning C4819: 该文件包含不能在当前代码页(936)中表示的字符。请将该文件保存为 Unicode 格式以防止数据丢失
  AppManager.cpp
D:\test\CPlusPlus\TestServer\engine\INetBase.h(1,1): warning C4819: 该文件包含不能在当前代码页(936)中表示的字符。请将该文件保存为 Unicode 格式以防止数据丢失
D:\test\CPlusPlus\TestServer\share\GameData.h(52,53): warning C4996: 'stricmp': The POSIX name for this item is deprecated. Instead, use the ISO C and C++ conformant name: _stricmp. See online help for details.
D:\test\CPlusPlus\TestServer\share\ShareFunction.h(61,53): warning C4996: 'stricmp': The POSIX name for this item is deprecated. Instead, use the ISO C and C++ conformant name: _stricmp. See online help for details.
  AppPlayer.cpp
D:\test\CPlusPlus\TestServer\engine\INetBase.h(1,1): warning C4819: 该文件包含不能在当前代码页(936)中表示的字符。请将该文件保存为 Unicode 格式以防止数据丢失
D:\test\CPlusPlus\TestServer\share\GameData.h(52,53): warning C4996: 'stricmp': The POSIX name for this item is deprecated. Instead, use the ISO C and C++ conformant name: _stricmp. See online help for details.
D:\test\CPlusPlus\TestServer\share\ShareFunction.h(61,53): warning C4996: 'stricmp': The POSIX name for this item is deprecated. Instead, use the ISO C and C++ conformant name: _stricmp. See online help for details.
D:\test\CPlusPlus\TestServer\CenterServer\code\AppPlayer.cpp(63,35): warning C4244: “=”: 从“SOCKET”转换到“u32”，可能丢失数据
D:\test\CPlusPlus\TestServer\CenterServer\code\AppPlayer.cpp(82,32): warning C4244: “=”: 从“SOCKET”转换到“u32”，可能丢失数据
  AppTest.cpp
D:\test\CPlusPlus\TestServer\engine\INetBase.h(1,1): warning C4819: 该文件包含不能在当前代码页(936)中表示的字符。请将该文件保存为 Unicode 格式以防止数据丢失
D:\test\CPlusPlus\TestServer\share\ShareFunction.h(61,53): warning C4996: 'stricmp': The POSIX name for this item is deprecated. Instead, use the ISO C and C++ conformant name: _stricmp. See online help for details.
D:\test\CPlusPlus\TestServer\share\google\protobuf\wire_format_lite.h(935,41): warning C4244: “参数”: 从“google::protobuf::uint64”转换到“google::protobuf::uint32”，可能丢失数据
D:\test\CPlusPlus\TestServer\share\google\protobuf\parse_context.h(269,28): warning C4244: “-=”: 从“google::protobuf::stringpiece_ssize_type”转换到“int”，可能丢失数据
  正在生成代码...
  CenterServer.vcxproj -> D:\test\CPlusPlus\TestServer\CenterServer\exe\CenterServer.exe
